Determining if the pthread_create exist failed with the following output:
Change Dir: /home/uni/cpp/git/blatt10/uebung10/build/CMakeFiles/CMakeTmp

Run Build Command:/usr/bin/make "cmTryCompileExec1622961810/fast"
/usr/bin/make -f CMakeFiles/cmTryCompileExec1622961810.dir/build.make CMakeFiles/cmTryCompileExec1622961810.dir/build
make[1]: Entering directory `/home/uni/cpp/git/blatt10/uebung10/build/CMakeFiles/CMakeTmp'
/usr/bin/cmake -E cmake_progress_report /home/uni/cpp/git/blatt10/uebung10/build/CMakeFiles/CMakeTmp/CMakeFiles 1
Building C object CMakeFiles/cmTryCompileExec1622961810.dir/CheckSymbolExists.c.o
/usr/bin/gcc    -o CMakeFiles/cmTryCompileExec1622961810.dir/CheckSymbolExists.c.o   -c /home/uni/cpp/git/blatt10/uebung10/build/CMakeFiles/CMakeTmp/CheckSymbolExists.c
Linking C executable cmTryCompileExec1622961810
/usr/bin/cmake -E cmake_link_script CMakeFiles/cmTryCompileExec1622961810.dir/link.txt --verbose=1
/usr/bin/gcc         CMakeFiles/cmTryCompileExec1622961810.dir/CheckSymbolExists.c.o  -o cmTryCompileExec1622961810 -rdynamic 
CMakeFiles/cmTryCompileExec1622961810.dir/CheckSymbolExists.c.o: In function `main':
CheckSymbolExists.c:(.text+0x16): undefined reference to `pthread_create'
collect2: error: ld returned 1 exit status
make[1]: *** [cmTryCompileExec1622961810] Fehler 1
make[1]: Leaving directory `/home/uni/cpp/git/blatt10/uebung10/build/CMakeFiles/CMakeTmp'
make: *** [cmTryCompileExec1622961810/fast] Fehler 2

File /home/uni/cpp/git/blatt10/uebung10/build/CMakeFiles/CMakeTmp/CheckSymbolExists.c:
/* */
#include <pthread.h>

int main(int argc, char** argv)
{
  (void)argv;
#ifndef pthread_create
  return ((int*)(&pthread_create))[argc];
#else
  (void)argc;
  return 0;
#endif
}

Determining if the function pthread_create exists in the pthreads failed with the following output:
Change Dir: /home/uni/cpp/git/blatt10/uebung10/build/CMakeFiles/CMakeTmp

Run Build Command:/usr/bin/make "cmTryCompileExec2075493399/fast"
/usr/bin/make -f CMakeFiles/cmTryCompileExec2075493399.dir/build.make CMakeFiles/cmTryCompileExec2075493399.dir/build
make[1]: Entering directory `/home/uni/cpp/git/blatt10/uebung10/build/CMakeFiles/CMakeTmp'
/usr/bin/cmake -E cmake_progress_report /home/uni/cpp/git/blatt10/uebung10/build/CMakeFiles/CMakeTmp/CMakeFiles 1
Building C object CMakeFiles/cmTryCompileExec2075493399.dir/CheckFunctionExists.c.o
/usr/bin/gcc   -DCHECK_FUNCTION_EXISTS=pthread_create   -o CMakeFiles/cmTryCompileExec2075493399.dir/CheckFunctionExists.c.o   -c /usr/share/cmake-2.8/Modules/CheckFunctionExists.c
Linking C executable cmTryCompileExec2075493399
/usr/bin/cmake -E cmake_link_script CMakeFiles/cmTryCompileExec2075493399.dir/link.txt --verbose=1
/usr/bin/gcc     -DCHECK_FUNCTION_EXISTS=pthread_create    CMakeFiles/cmTryCompileExec2075493399.dir/CheckFunctionExists.c.o  -o cmTryCompileExec2075493399 -rdynamic -lpthreads 
/usr/bin/ld: cannot find -lpthreads
collect2: error: ld returned 1 exit status
make[1]: *** [cmTryCompileExec2075493399] Fehler 1
make[1]: Leaving directory `/home/uni/cpp/git/blatt10/uebung10/build/CMakeFiles/CMakeTmp'
make: *** [cmTryCompileExec2075493399/fast] Fehler 2


